13:58:30:491 [ALWAYS]	GUDE Logging Started
13:58:30:491 [INFO]	SqliteResumeCache::SqliteResumeCache basedirectory is null/empty
13:58:30:492 [ERROR]	SqliteResumeCache::CreateSqliteResumeCache creating resume cache pointer failure
13:58:30:492 [ERROR]	Initialize resume cache pointer failure
13:58:30:492 [INFO]	gude policy POLICY_USER limit (2,2,1) chunk 2097152, chunking (UL 0 DL 1), resXfer 1, adapt 0, NSURL 0, timeout 86400 
13:58:30:492 [INFO]	Initialized -- gude-lib version: v0.12.1 app: gude
13:58:37:387 [WARN]	Ignoring attempt to reinit logging to \gude at level 4 retaining 3 days of logs
13:58:37:387 [INFO]	SqliteResumeCache::SqliteResumeCache basedirectory is null/empty
13:58:37:387 [ERROR]	SqliteResumeCache::CreateSqliteResumeCache creating resume cache pointer failure
13:58:37:387 [ERROR]	Initialize resume cache pointer failure
13:58:37:387 [INFO]	gude policy POLICY_USER limit (4,4,1) chunk 2097152, chunking (UL 0 DL 1), resXfer 1, adapt 0, NSURL 1, timeout 86400 
13:58:37:387 [INFO]	Initialized -- gude-lib version: v0.12.1 app: gude
14:00:01:186 [ALWAYS]	GUDE Logging Started
14:00:01:187 [INFO]	SqliteResumeCache::SqliteResumeCache basedirectory is null/empty
14:00:01:187 [ERROR]	SqliteResumeCache::CreateSqliteResumeCache creating resume cache pointer failure
14:00:01:187 [ERROR]	Initialize resume cache pointer failure
14:00:01:187 [INFO]	gude policy POLICY_USER limit (2,2,1) chunk 2097152, chunking (UL 0 DL 1), resXfer 1, adapt 0, NSURL 0, timeout 86400 
14:00:01:187 [INFO]	Initialized -- gude-lib version: v0.12.1 app: gude
14:00:09:498 [WARN]	Ignoring attempt to reinit logging to \gude at level 4 retaining 3 days of logs
14:00:09:498 [INFO]	SqliteResumeCache::SqliteResumeCache basedirectory is null/empty
14:00:09:498 [ERROR]	SqliteResumeCache::CreateSqliteResumeCache creating resume cache pointer failure
14:00:09:498 [ERROR]	Initialize resume cache pointer failure
14:00:09:499 [INFO]	gude policy POLICY_USER limit (4,4,1) chunk 2097152, chunking (UL 0 DL 1), resXfer 1, adapt 0, NSURL 1, timeout 86400 
14:00:09:499 [INFO]	Initialized -- gude-lib version: v0.12.1 app: gude
